  [1m[36m (1.2ms)[0m  [1mCREATE TABLE "schema_migrations" ("version" varchar NOT NULL) [0m
  [1m[35m (0.0ms)[0m  select sqlite_version(*)
  [1m[36m (1.0ms)[0m  [1mCREATE UNIQUE INDEX "unique_schema_migrations" ON "schema_migrations" ("version")[0m
  [1m[35mActiveRecord::SchemaMigration Load (0.1ms)[0m  SELECT "schema_migrations".* FROM "schema_migrations"
  [1m[36mActiveRecord::SchemaMigration Load (0.1ms)[0m  [1mSELECT "schema_migrations".* FROM "schema_migrations"[0m
Migrating to CreatePosts (20151230232412)
  [1m[35m (0.1ms)[0m  begin transaction
  [1m[36m (0.4ms)[0m  [1mCREATE TABLE "posts" ("id" INTEGER PRIMARY KEY AUTOINCREMENT NOT NULL, "title" varchar, "description" text, "created_at" datetime NOT NULL, "updated_at" datetime NOT NULL) [0m
  [1m[35mSQL (0.2ms)[0m  INSERT INTO "schema_migrations" ("version") VALUES (?)  [["version", "20151230232412"]]
  [1m[36m (1.3ms)[0m  [1mcommit transaction[0m
  [1m[35mActiveRecord::SchemaMigration Load (0.1ms)[0m  SELECT "schema_migrations".* FROM "schema_migrations"


Started GET "/posts/new" for ::1 at 2015-12-30 20:30:31 -0600
  [1m[36mActiveRecord::SchemaMigration Load (0.1ms)[0m  [1mSELECT "schema_migrations".* FROM "schema_migrations"[0m
Processing by PostsController#new as HTML
  Rendered posts/new.html.erb within layouts/application (2.7ms)
Completed 200 OK in 393ms (Views: 383.8ms | ActiveRecord: 0.0ms)


Started POST "/posts" for ::1 at 2015-12-30 20:30:37 -0600
Processing by PostsController#create as HTML
  Parameters: {"utf8"=>"✓", "authenticity_token"=>"Hjp1RiR9ya6iFqkxVbwpk4S8rTowSYfUHBxQZzKCrcwuqlFxP2gFlrxGWRZYDnx9U/sdURHTMwpX6/wSjx76KQ==", "title"=>"Rails Introduction Quiz", "description"=>"asdfasd", "commit"=>"Submit Post"}
Redirected to http://localhost:3000/posts/new
Completed 302 Found in 1ms (ActiveRecord: 0.0ms)


Started GET "/posts/new" for ::1 at 2015-12-30 20:30:37 -0600
Processing by PostsController#new as HTML
  Rendered posts/new.html.erb within layouts/application (0.4ms)
Completed 200 OK in 10ms (Views: 9.0ms | ActiveRecord: 0.0ms)


Started GET "/posts/new?someting=asdafdas" for ::1 at 2015-12-30 20:33:34 -0600
Processing by PostsController#new as HTML
  Parameters: {"someting"=>"asdafdas"}
  Rendered posts/new.html.erb within layouts/application (0.3ms)
Completed 200 OK in 9ms (Views: 8.1ms | ActiveRecord: 0.0ms)


Started GET "/posts/new?someting=asdafdas" for ::1 at 2015-12-30 20:40:29 -0600
Processing by PostsController#new as HTML
  Parameters: {"someting"=>"asdafdas"}
  Rendered posts/new.html.erb within layouts/application (0.4ms)
Completed 200 OK in 10ms (Views: 9.6ms | ActiveRecord: 0.0ms)


Started GET "/assets/application.self-e80e8f2318043e8af94dddc2adad5a4f09739a8ebb323b3ab31cd71d45fd9113.css?body=1" for ::1 at 2015-12-30 20:40:29 -0600


Started GET "/assets/jquery_ujs.self-d456baa54c1fa6be2ec3711f0a72ddf7a5b2f34a6b4f515f33767d6207b7d4b3.js?body=1" for ::1 at 2015-12-30 20:40:29 -0600


Started GET "/assets/jquery.self-a714331225dda820228db323939889f149aec0127aeb06255646b616ba1ca419.js?body=1" for ::1 at 2015-12-30 20:40:29 -0600


Started GET "/assets/application.self-3b8dabdc891efe46b9a144b400ad69e37d7e5876bdc39dee783419a69d7ca819.js?body=1" for ::1 at 2015-12-30 20:40:29 -0600


Started GET "/assets/turbolinks.self-c37727e9bd6b2735da5c311aa83fead54ed0be6cc8bd9a65309e9c5abe2cbfff.js?body=1" for ::1 at 2015-12-30 20:40:29 -0600


Started GET "/posts/new" for ::1 at 2015-12-30 20:40:37 -0600
Processing by PostsController#new as HTML
  Rendered posts/new.html.erb within layouts/application (0.4ms)
Completed 200 OK in 10ms (Views: 9.3ms | ActiveRecord: 0.0ms)


Started POST "/posts" for ::1 at 2015-12-30 20:40:55 -0600
Processing by PostsController#create as HTML
  Parameters: {"utf8"=>"✓", "authenticity_token"=>"8wEmAU4QXBwNFcOKOvFNuQeQp8Yq4xHFehAkMFbvryDDkQI2VQWQJBNFM603QxhX0NcXrQt5pRsx54hF63P4xQ==", "title"=>"Rails Introduction Quiz", "description"=>"asdfasdfasd", "commit"=>"Submit Post"}
Redirected to http://localhost:3000/posts/new
Completed 302 Found in 1ms (ActiveRecord: 0.0ms)


Started GET "/posts/new" for ::1 at 2015-12-30 20:40:55 -0600
Processing by PostsController#new as HTML
  Rendered posts/new.html.erb within layouts/application (0.3ms)
Completed 200 OK in 8ms (Views: 6.9ms | ActiveRecord: 0.0ms)


Started GET "/posts/new" for ::1 at 2015-12-30 20:41:09 -0600
Processing by PostsController#new as HTML
  Rendered posts/new.html.erb within layouts/application (0.4ms)
Completed 200 OK in 10ms (Views: 8.9ms | ActiveRecord: 0.0ms)


Started GET "/assets/application.self-e80e8f2318043e8af94dddc2adad5a4f09739a8ebb323b3ab31cd71d45fd9113.css?body=1" for ::1 at 2015-12-30 20:41:09 -0600


Started GET "/assets/turbolinks.self-c37727e9bd6b2735da5c311aa83fead54ed0be6cc8bd9a65309e9c5abe2cbfff.js?body=1" for ::1 at 2015-12-30 20:41:09 -0600


Started GET "/assets/jquery_ujs.self-d456baa54c1fa6be2ec3711f0a72ddf7a5b2f34a6b4f515f33767d6207b7d4b3.js?body=1" for ::1 at 2015-12-30 20:41:09 -0600


Started GET "/assets/jquery.self-a714331225dda820228db323939889f149aec0127aeb06255646b616ba1ca419.js?body=1" for ::1 at 2015-12-30 20:41:09 -0600


Started GET "/assets/application.self-3b8dabdc891efe46b9a144b400ad69e37d7e5876bdc39dee783419a69d7ca819.js?body=1" for ::1 at 2015-12-30 20:41:09 -0600


Started POST "/posts" for ::1 at 2015-12-30 20:41:12 -0600
Processing by PostsController#create as HTML
  Parameters: {"utf8"=>"✓", "authenticity_token"=>"wM0kUAuTuVVs64yO9C+2FgVExLWEkXYBL4fHjMvdHb/wXQBnEIZ1bXK7fKn5neP40gN03qULwt9kcGv5dkFKWg==", "title"=>"Rails Introduction Quiz", "description"=>"asdf", "commit"=>"Submit Post"}
Redirected to http://localhost:3000/posts/new?post%5Baction%5D=create&post%5Bauthenticity_token%5D=wM0kUAuTuVVs64yO9C%2B2FgVExLWEkXYBL4fHjMvdHb%2FwXQBnEIZ1bXK7fKn5neP40gN03qULwt9kcGv5dkFKWg%3D%3D&post%5Bcommit%5D=Submit+Post&post%5Bcontroller%5D=posts&post%5Bdescription%5D=asdf&post%5Btitle%5D=Rails+Introduction+Quiz&post%5Butf8%5D=%E2%9C%93
Completed 302 Found in 1ms (ActiveRecord: 0.0ms)


Started GET "/posts/new?post%5Baction%5D=create&post%5Bauthenticity_token%5D=wM0kUAuTuVVs64yO9C%2B2FgVExLWEkXYBL4fHjMvdHb%2FwXQBnEIZ1bXK7fKn5neP40gN03qULwt9kcGv5dkFKWg%3D%3D&post%5Bcommit%5D=Submit+Post&post%5Bcontroller%5D=posts&post%5Bdescription%5D=asdf&post%5Btitle%5D=Rails+Introduction+Quiz&post%5Butf8%5D=%E2%9C%93" for ::1 at 2015-12-30 20:41:12 -0600
Processing by PostsController#new as HTML
  Parameters: {"post"=>{"action"=>"create", "authenticity_token"=>"wM0kUAuTuVVs64yO9C+2FgVExLWEkXYBL4fHjMvdHb/wXQBnEIZ1bXK7fKn5neP40gN03qULwt9kcGv5dkFKWg==", "commit"=>"Submit Post", "controller"=>"posts", "description"=>"asdf", "title"=>"Rails Introduction Quiz", "utf8"=>"✓"}}
  Rendered posts/new.html.erb within layouts/application (0.3ms)
Completed 200 OK in 8ms (Views: 7.2ms | ActiveRecord: 0.0ms)


Started GET "/" for ::1 at 2018-12-14 14:35:19 -0500
  [1m[36mActiveRecord::SchemaMigration Load (0.1ms)[0m  [1mSELECT "schema_migrations".* FROM "schema_migrations"[0m
Processing by Rails::WelcomeController#index as HTML
  Rendered /Users/manonpilaud/.rvm/gems/ruby-2.3.3/gems/railties-4.2.10/lib/rails/templates/rails/welcome/index.html.erb (1.7ms)
Completed 200 OK in 21ms (Views: 12.1ms | ActiveRecord: 0.0ms)


Started GET "/" for ::1 at 2018-12-14 14:35:23 -0500
Processing by Rails::WelcomeController#index as HTML
  Rendered /Users/manonpilaud/.rvm/gems/ruby-2.3.3/gems/railties-4.2.10/lib/rails/templates/rails/welcome/index.html.erb (0.1ms)
Completed 200 OK in 4ms (Views: 3.4ms | ActiveRecord: 0.0ms)


Started GET "/posts/new" for ::1 at 2018-12-14 14:35:29 -0500
Processing by PostsController#new as HTML
  Rendered posts/new.html.erb within layouts/application (0.4ms)
Completed 200 OK in 344ms (Views: 343.4ms | ActiveRecord: 0.0ms)


Started GET "/assets/turbolinks.self-569ee74eaa15c1e2019317ff770b8769b1ec033a0f572a485f64c82ddc8f989e.js?body=1" for ::1 at 2018-12-14 14:35:30 -0500


Started GET "/posts/new" for ::1 at 2018-12-14 14:35:56 -0500
Processing by PostsController#new as HTML
  Rendered posts/new.html.erb within layouts/application (23.4ms)
Completed 500 Internal Server Error in 29ms (ActiveRecord: 0.0ms)

ActionView::Template::Error (undefined local variable or method `posts' for #<#<Class:0x007f8ac0fc5420>:0x007f8abba9c098>
Did you mean?  posts_url):
     8:    <input type="submit" value="Submit Post">
     9: </form>
    10: 
    11: <%= params[posts] %>
  app/views/posts/new.html.erb:11:in `_app_views_posts_new_html_erb___2412329981942544322_70116970391600'


  Rendered /Users/manonpilaud/.rvm/gems/ruby-2.3.3/gems/actionpack-4.2.10/lib/action_dispatch/middleware/templates/rescues/_source.erb (3.6ms)
  Rendered /Users/manonpilaud/.rvm/gems/ruby-2.3.3/gems/actionpack-4.2.10/lib/action_dispatch/middleware/templates/rescues/_trace.html.erb (2.1ms)
  Rendered /Users/manonpilaud/.rvm/gems/ruby-2.3.3/gems/actionpack-4.2.10/lib/action_dispatch/middleware/templates/rescues/_request_and_response.html.erb (1.2ms)
  Rendered /Users/manonpilaud/.rvm/gems/ruby-2.3.3/gems/actionpack-4.2.10/lib/action_dispatch/middleware/templates/rescues/template_error.html.erb within rescues/layout (72.9ms)


Started GET "/posts/new" for ::1 at 2018-12-14 14:36:07 -0500
Processing by PostsController#new as HTML
  Rendered posts/new.html.erb within layouts/application (15.9ms)
Completed 500 Internal Server Error in 21ms (ActiveRecord: 0.0ms)

ActionView::Template::Error (undefined local variable or method `post' for #<#<Class:0x007f8ac0fc5420>:0x007f8ac24de488>):
     8:    <input type="submit" value="Submit Post">
     9: </form>
    10: 
    11: <%= params[post] %>
  app/views/posts/new.html.erb:11:in `_app_views_posts_new_html_erb___2412329981942544322_70116971047000'


  Rendered /Users/manonpilaud/.rvm/gems/ruby-2.3.3/gems/actionpack-4.2.10/lib/action_dispatch/middleware/templates/rescues/_source.erb (5.2ms)
  Rendered /Users/manonpilaud/.rvm/gems/ruby-2.3.3/gems/actionpack-4.2.10/lib/action_dispatch/middleware/templates/rescues/_trace.html.erb (2.1ms)
  Rendered /Users/manonpilaud/.rvm/gems/ruby-2.3.3/gems/actionpack-4.2.10/lib/action_dispatch/middleware/templates/rescues/_request_and_response.html.erb (0.7ms)
  Rendered /Users/manonpilaud/.rvm/gems/ruby-2.3.3/gems/actionpack-4.2.10/lib/action_dispatch/middleware/templates/rescues/template_error.html.erb within rescues/layout (64.2ms)


Started GET "/posts/new" for ::1 at 2018-12-14 14:36:10 -0500
Processing by PostsController#new as HTML
  Rendered posts/new.html.erb within layouts/application (18.0ms)
Completed 500 Internal Server Error in 23ms (ActiveRecord: 0.0ms)

ActionView::Template::Error (undefined local variable or method `post' for #<#<Class:0x007f8ac0fc5420>:0x007f8abda8ac38>):
     8:    <input type="submit" value="Submit Post">
     9: </form>
    10: 
    11: <%= params[post] %>
  app/views/posts/new.html.erb:11:in `_app_views_posts_new_html_erb___2412329981942544322_70116971047000'


  Rendered /Users/manonpilaud/.rvm/gems/ruby-2.3.3/gems/actionpack-4.2.10/lib/action_dispatch/middleware/templates/rescues/_source.erb (4.7ms)
  Rendered /Users/manonpilaud/.rvm/gems/ruby-2.3.3/gems/actionpack-4.2.10/lib/action_dispatch/middleware/templates/rescues/_trace.html.erb (2.0ms)
  Rendered /Users/manonpilaud/.rvm/gems/ruby-2.3.3/gems/actionpack-4.2.10/lib/action_dispatch/middleware/templates/rescues/_request_and_response.html.erb (0.8ms)
  Rendered /Users/manonpilaud/.rvm/gems/ruby-2.3.3/gems/actionpack-4.2.10/lib/action_dispatch/middleware/templates/rescues/template_error.html.erb within rescues/layout (62.8ms)


Started GET "/posts/new" for ::1 at 2018-12-14 14:36:16 -0500
Processing by PostsController#new as HTML
  Rendered posts/new.html.erb within layouts/application (0.3ms)
Completed 200 OK in 17ms (Views: 16.4ms | ActiveRecord: 0.0ms)


Started GET "/posts/new" for ::1 at 2018-12-14 14:36:39 -0500
Processing by PostsController#new as HTML
  Rendered posts/new.html.erb within layouts/application (0.3ms)
Completed 200 OK in 13ms (Views: 12.3ms | ActiveRecord: 0.0ms)


Started GET "/posts/new" for ::1 at 2018-12-14 14:36:55 -0500
Processing by PostsController#new as HTML
  Rendered posts/new.html.erb within layouts/application (0.3ms)
Completed 200 OK in 14ms (Views: 13.2ms | ActiveRecord: 0.0ms)


Started GET "/posts/new" for ::1 at 2018-12-14 14:45:49 -0500
  [1m[36mActiveRecord::SchemaMigration Load (0.1ms)[0m  [1mSELECT "schema_migrations".* FROM "schema_migrations"[0m
Processing by PostsController#new as HTML
  Rendered posts/new.html.erb within layouts/application (1.5ms)
Completed 200 OK in 228ms (Views: 218.4ms | ActiveRecord: 0.0ms)


Started GET "/posts/new?post%5Btitle%5D=kmlnk&post%5Bdescription%5D=%2Cmn%27lknhboblk&authenticity_token=DY5WwoejgD4qBvdUIiA0fVTlN1irzSqX%2FeLFIlkoDvRndvW9GzG8slx0FB3QtefE%2FPg613%2FFe9YBzBh6vSJG8w%3D%3D" for ::1 at 2018-12-14 14:45:55 -0500
Processing by PostsController#new as HTML
  Parameters: {"post"=>{"title"=>"kmlnk", "description"=>",mn'lknhboblk"}, "authenticity_token"=>"DY5WwoejgD4qBvdUIiA0fVTlN1irzSqX/eLFIlkoDvRndvW9GzG8slx0FB3QtefE/Pg613/Fe9YBzBh6vSJG8w=="}
  Rendered posts/new.html.erb within layouts/application (0.2ms)
Completed 200 OK in 11ms (Views: 10.4ms | ActiveRecord: 0.0ms)


Started GET "/posts/new?post%5Btitle%5D=&post%5Bdescription%5D=&authenticity_token=VC9AvrwIJmX1WSK8ShVmWY7d2a3LGxc0LrUAGvNmgeI%2B1%2BPBIJoa6YMrwfW4gLXgJsDUIh8TRnXSm91CF2zJ5Q%3D%3D" for ::1 at 2018-12-14 14:46:06 -0500
Processing by PostsController#new as HTML
  Parameters: {"post"=>{"title"=>"", "description"=>""}, "authenticity_token"=>"VC9AvrwIJmX1WSK8ShVmWY7d2a3LGxc0LrUAGvNmgeI+1+PBIJoa6YMrwfW4gLXgJsDUIh8TRnXSm91CF2zJ5Q=="}
  Rendered posts/new.html.erb within layouts/application (0.2ms)
Completed 200 OK in 13ms (Views: 12.7ms | ActiveRecord: 0.0ms)


Started GET "/posts" for ::1 at 2018-12-14 14:46:13 -0500
Processing by PostsController#index as HTML
  [1m[35mPost Load (0.2ms)[0m  SELECT "posts".* FROM "posts"
  Rendered posts/index.html.erb within layouts/application (1.5ms)
Completed 200 OK in 18ms (Views: 14.3ms | ActiveRecord: 0.2ms)


Started GET "/posts" for ::1 at 2018-12-14 14:46:38 -0500
Processing by PostsController#index as HTML
  [1m[36mPost Load (0.2ms)[0m  [1mSELECT "posts".* FROM "posts"[0m
  Rendered posts/index.html.erb within layouts/application (0.6ms)
Completed 200 OK in 13ms (Views: 12.8ms | ActiveRecord: 0.2ms)


Started GET "/posts/new" for ::1 at 2018-12-14 14:46:41 -0500
Processing by PostsController#new as HTML
  Rendered posts/new.html.erb within layouts/application (0.5ms)
Completed 200 OK in 17ms (Views: 16.2ms | ActiveRecord: 0.0ms)


Started GET "/posts/new?post%5Btitle%5D=kmlnk&post%5Bdescription%5D=dlfms.ng" for ::1 at 2018-12-14 14:46:46 -0500
Processing by PostsController#new as HTML
  Parameters: {"post"=>{"title"=>"kmlnk", "description"=>"dlfms.ng"}}
  Rendered posts/new.html.erb within layouts/application (0.2ms)
Completed 200 OK in 14ms (Views: 13.6ms | ActiveRecord: 0.0ms)


Started GET "/posts/new?post%5Btitle%5D=kmlnk&post%5Bdescription%5D=dlfms.ng" for ::1 at 2018-12-14 14:47:48 -0500
Processing by PostsController#new as HTML
  Parameters: {"post"=>{"title"=>"kmlnk", "description"=>"dlfms.ng"}}
  Rendered posts/new.html.erb within layouts/application (0.5ms)
Completed 200 OK in 18ms (Views: 18.0ms | ActiveRecord: 0.0ms)


Started GET "/posts/new?post%5Btitle%5D=slfaef&post%5Bdescription%5D=efsaff&authenticity_token=kxIpBC0QmA09QwHPnNcM2ju%2BA%2BsYqbrDiItpObAOOIr56op7sYKkgUsx4oZuQt9jk6MOZMyh64J0pbRhVARwjQ%3D%3D" for ::1 at 2018-12-14 14:47:52 -0500
Processing by PostsController#new as HTML
  Parameters: {"post"=>{"title"=>"slfaef", "description"=>"efsaff"}, "authenticity_token"=>"kxIpBC0QmA09QwHPnNcM2ju+A+sYqbrDiItpObAOOIr56op7sYKkgUsx4oZuQt9jk6MOZMyh64J0pbRhVARwjQ=="}
  Rendered posts/new.html.erb within layouts/application (0.2ms)
Completed 200 OK in 15ms (Views: 14.2ms | ActiveRecord: 0.0ms)


Started GET "/posts/new?post%5Btitle%5D=slfaef&post%5Bdescription%5D=efsaff&authenticity_token=kxIpBC0QmA09QwHPnNcM2ju%2BA%2BsYqbrDiItpObAOOIr56op7sYKkgUsx4oZuQt9jk6MOZMyh64J0pbRhVARwjQ%3D%3D" for ::1 at 2018-12-14 14:48:31 -0500
Processing by PostsController#new as HTML
  Parameters: {"post"=>{"title"=>"slfaef", "description"=>"efsaff"}, "authenticity_token"=>"kxIpBC0QmA09QwHPnNcM2ju+A+sYqbrDiItpObAOOIr56op7sYKkgUsx4oZuQt9jk6MOZMyh64J0pbRhVARwjQ=="}
  Rendered posts/new.html.erb within layouts/application (0.2ms)
Completed 200 OK in 13ms (Views: 12.7ms | ActiveRecord: 0.0ms)


Started GET "/posts/new?post%5Btitle%5D=sflkmdl&post%5Bdescription%5D=salkmfn%27w+f&authenticity_token=t%2FHzPf6QJSrClCTyyCjVRngQc3FZPCpkOzwE2VcRkZLdCVBCYgIZprTmx7s6vQb%2F0A1%2B%2Fo00eyXHEtmBsxvZlQ%3D%3D" for ::1 at 2018-12-14 14:48:41 -0500
Processing by PostsController#new as HTML
  Parameters: {"post"=>{"title"=>"sflkmdl", "description"=>"salkmfn'w f"}, "authenticity_token"=>"t/HzPf6QJSrClCTyyCjVRngQc3FZPCpkOzwE2VcRkZLdCVBCYgIZprTmx7s6vQb/0A1+/o00eyXHEtmBsxvZlQ=="}
  Rendered posts/new.html.erb within layouts/application (0.2ms)
Completed 200 OK in 15ms (Views: 14.3ms | ActiveRecord: 0.0ms)


Started GET "/posts/new?post%5Btitle%5D=%3Bdsflm%3B&post%5Bdescription%5D=sfeafds&authenticity_token=m1P4jeHS4Hrr%2FDHJWJwSNjmqFiXXq6WvQei4ic%2FQj4vxq1vyfUDc9p2O0oCqCcGPkbcbqgOj9O69xmXRK9rHjA%3D%3D" for ::1 at 2018-12-14 14:49:31 -0500
Processing by PostsController#new as HTML
  Parameters: {"post"=>{"title"=>";dsflm;", "description"=>"sfeafds"}, "authenticity_token"=>"m1P4jeHS4Hrr/DHJWJwSNjmqFiXXq6WvQei4ic/Qj4vxq1vyfUDc9p2O0oCqCcGPkbcbqgOj9O69xmXRK9rHjA=="}
  Rendered posts/new.html.erb within layouts/application (0.5ms)
Completed 500 Internal Server Error in 6ms (ActiveRecord: 0.0ms)

SyntaxError (/Users/manonpilaud/Development/Module_2/rails-form_tag-readme-dc-web-111918/app/views/posts/new.html.erb:3: syntax error, unexpected '=', expecting keyword_end
'.freeze; = form_tag posts_path do 
           ^):
  app/views/posts/new.html.erb:3: syntax error, unexpected '=', expecting keyword_end


  Rendered /Users/manonpilaud/.rvm/gems/ruby-2.3.3/gems/actionpack-4.2.10/lib/action_dispatch/middleware/templates/rescues/_source.erb (5.4ms)
  Rendered /Users/manonpilaud/.rvm/gems/ruby-2.3.3/gems/actionpack-4.2.10/lib/action_dispatch/middleware/templates/rescues/_trace.html.erb (3.0ms)
  Rendered /Users/manonpilaud/.rvm/gems/ruby-2.3.3/gems/actionpack-4.2.10/lib/action_dispatch/middleware/templates/rescues/_request_and_response.html.erb (0.9ms)
  Rendered /Users/manonpilaud/.rvm/gems/ruby-2.3.3/gems/actionpack-4.2.10/lib/action_dispatch/middleware/templates/rescues/diagnostics.html.erb within rescues/layout (73.9ms)


Started GET "/posts/new?post%5Btitle%5D=%3Bdsflm%3B&post%5Bdescription%5D=sfeafds&authenticity_token=m1P4jeHS4Hrr%2FDHJWJwSNjmqFiXXq6WvQei4ic%2FQj4vxq1vyfUDc9p2O0oCqCcGPkbcbqgOj9O69xmXRK9rHjA%3D%3D" for ::1 at 2018-12-14 14:49:50 -0500
Processing by PostsController#new as HTML
  Parameters: {"post"=>{"title"=>";dsflm;", "description"=>"sfeafds"}, "authenticity_token"=>"m1P4jeHS4Hrr/DHJWJwSNjmqFiXXq6WvQei4ic/Qj4vxq1vyfUDc9p2O0oCqCcGPkbcbqgOj9O69xmXRK9rHjA=="}
  Rendered posts/new.html.erb within layouts/application (0.5ms)
Completed 500 Internal Server Error in 5ms (ActiveRecord: 0.0ms)

SyntaxError (/Users/manonpilaud/Development/Module_2/rails-form_tag-readme-dc-web-111918/app/views/posts/new.html.erb:3: syntax error, unexpected '=', expecting keyword_end
'.freeze; = form_tag posts_path do 
           ^):
  app/views/posts/new.html.erb:3: syntax error, unexpected '=', expecting keyword_end


  Rendered /Users/manonpilaud/.rvm/gems/ruby-2.3.3/gems/actionpack-4.2.10/lib/action_dispatch/middleware/templates/rescues/_source.erb (4.6ms)
  Rendered /Users/manonpilaud/.rvm/gems/ruby-2.3.3/gems/actionpack-4.2.10/lib/action_dispatch/middleware/templates/rescues/_trace.html.erb (2.4ms)
  Rendered /Users/manonpilaud/.rvm/gems/ruby-2.3.3/gems/actionpack-4.2.10/lib/action_dispatch/middleware/templates/rescues/_request_and_response.html.erb (0.8ms)
  Rendered /Users/manonpilaud/.rvm/gems/ruby-2.3.3/gems/actionpack-4.2.10/lib/action_dispatch/middleware/templates/rescues/diagnostics.html.erb within rescues/layout (64.7ms)


Started GET "/posts/new?post%5Btitle%5D=%3Bdsflm%3B&post%5Bdescription%5D=sfeafds&authenticity_token=m1P4jeHS4Hrr%2FDHJWJwSNjmqFiXXq6WvQei4ic%2FQj4vxq1vyfUDc9p2O0oCqCcGPkbcbqgOj9O69xmXRK9rHjA%3D%3D" for ::1 at 2018-12-14 14:49:58 -0500
Processing by PostsController#new as HTML
  Parameters: {"post"=>{"title"=>";dsflm;", "description"=>"sfeafds"}, "authenticity_token"=>"m1P4jeHS4Hrr/DHJWJwSNjmqFiXXq6WvQei4ic/Qj4vxq1vyfUDc9p2O0oCqCcGPkbcbqgOj9O69xmXRK9rHjA=="}
  Rendered posts/new.html.erb within layouts/application (0.4ms)
Completed 500 Internal Server Error in 6ms (ActiveRecord: 0.0ms)

SyntaxError (/Users/manonpilaud/Development/Module_2/rails-form_tag-readme-dc-web-111918/app/views/posts/new.html.erb:3: syntax error, unexpected '=', expecting keyword_end
'.freeze; = form_tag posts_path do 
           ^):
  app/views/posts/new.html.erb:3: syntax error, unexpected '=', expecting keyword_end


  Rendered /Users/manonpilaud/.rvm/gems/ruby-2.3.3/gems/actionpack-4.2.10/lib/action_dispatch/middleware/templates/rescues/_source.erb (3.8ms)
  Rendered /Users/manonpilaud/.rvm/gems/ruby-2.3.3/gems/actionpack-4.2.10/lib/action_dispatch/middleware/templates/rescues/_trace.html.erb (1.8ms)
  Rendered /Users/manonpilaud/.rvm/gems/ruby-2.3.3/gems/actionpack-4.2.10/lib/action_dispatch/middleware/templates/rescues/_request_and_response.html.erb (0.9ms)
  Rendered /Users/manonpilaud/.rvm/gems/ruby-2.3.3/gems/actionpack-4.2.10/lib/action_dispatch/middleware/templates/rescues/diagnostics.html.erb within rescues/layout (64.2ms)


Started GET "/posts/new" for ::1 at 2018-12-14 14:50:02 -0500
Processing by PostsController#new as HTML
  Rendered posts/new.html.erb within layouts/application (0.3ms)
Completed 500 Internal Server Error in 5ms (ActiveRecord: 0.0ms)

SyntaxError (/Users/manonpilaud/Development/Module_2/rails-form_tag-readme-dc-web-111918/app/views/posts/new.html.erb:3: syntax error, unexpected '=', expecting keyword_end
'.freeze; = form_tag posts_path do 
           ^):
  app/views/posts/new.html.erb:3: syntax error, unexpected '=', expecting keyword_end


  Rendered /Users/manonpilaud/.rvm/gems/ruby-2.3.3/gems/actionpack-4.2.10/lib/action_dispatch/middleware/templates/rescues/_source.erb (4.3ms)
  Rendered /Users/manonpilaud/.rvm/gems/ruby-2.3.3/gems/actionpack-4.2.10/lib/action_dispatch/middleware/templates/rescues/_trace.html.erb (2.4ms)
  Rendered /Users/manonpilaud/.rvm/gems/ruby-2.3.3/gems/actionpack-4.2.10/lib/action_dispatch/middleware/templates/rescues/_request_and_response.html.erb (0.6ms)
  Rendered /Users/manonpilaud/.rvm/gems/ruby-2.3.3/gems/actionpack-4.2.10/lib/action_dispatch/middleware/templates/rescues/diagnostics.html.erb within rescues/layout (62.6ms)


Started GET "/posts/new" for ::1 at 2018-12-14 14:50:04 -0500
Processing by PostsController#new as HTML
  Rendered posts/new.html.erb within layouts/application (0.4ms)
Completed 500 Internal Server Error in 6ms (ActiveRecord: 0.0ms)

SyntaxError (/Users/manonpilaud/Development/Module_2/rails-form_tag-readme-dc-web-111918/app/views/posts/new.html.erb:3: syntax error, unexpected '=', expecting keyword_end
'.freeze; = form_tag posts_path do 
           ^):
  app/views/posts/new.html.erb:3: syntax error, unexpected '=', expecting keyword_end


  Rendered /Users/manonpilaud/.rvm/gems/ruby-2.3.3/gems/actionpack-4.2.10/lib/action_dispatch/middleware/templates/rescues/_source.erb (4.6ms)
  Rendered /Users/manonpilaud/.rvm/gems/ruby-2.3.3/gems/actionpack-4.2.10/lib/action_dispatch/middleware/templates/rescues/_trace.html.erb (1.7ms)
  Rendered /Users/manonpilaud/.rvm/gems/ruby-2.3.3/gems/actionpack-4.2.10/lib/action_dispatch/middleware/templates/rescues/_request_and_response.html.erb (0.6ms)
  Rendered /Users/manonpilaud/.rvm/gems/ruby-2.3.3/gems/actionpack-4.2.10/lib/action_dispatch/middleware/templates/rescues/diagnostics.html.erb within rescues/layout (61.9ms)


Started GET "/posts/new" for ::1 at 2018-12-14 14:50:15 -0500
Processing by PostsController#new as HTML
  Rendered posts/new.html.erb within layouts/application (0.7ms)
Completed 200 OK in 13ms (Views: 12.8ms | ActiveRecord: 0.0ms)


Started POST "/posts" for ::1 at 2018-12-14 14:50:19 -0500
Processing by PostsController#create as HTML
  Parameters: {"utf8"=>"✓", "authenticity_token"=>"FpyI9ENGIDhrLHgaI3j80rHwCmYj4SdehzzeMEHV1qp8ZCuL39QctB1em1PR7S9rGe0H6ffpdh97EgNopd+erQ==", "post"=>{"title"=>"dsfmk'l f", "description"=>"sdgsdfv"}}
  [1m[35m (0.1ms)[0m  begin transaction
  [1m[36mSQL (0.6ms)[0m  [1mINSERT INTO "posts" ("title", "description", "created_at", "updated_at") VALUES (?, ?, ?, ?)[0m  [["title", "dsfmk'l f"], ["description", "sdgsdfv"], ["created_at", "2018-12-14 19:50:19.103594"], ["updated_at", "2018-12-14 19:50:19.103594"]]
  [1m[35m (0.9ms)[0m  commit transaction
Redirected to http://localhost:3000/posts
Completed 302 Found in 12ms (ActiveRecord: 1.9ms)


Started GET "/posts" for ::1 at 2018-12-14 14:50:19 -0500
Processing by PostsController#index as HTML
  [1m[36mPost Load (0.2ms)[0m  [1mSELECT "posts".* FROM "posts"[0m
  Rendered posts/index.html.erb within layouts/application (1.0ms)
Completed 200 OK in 18ms (Views: 17.1ms | ActiveRecord: 0.2ms)


Started GET "/posts" for ::1 at 2018-12-14 14:50:30 -0500
Processing by PostsController#index as HTML
  [1m[35mPost Load (0.2ms)[0m  SELECT "posts".* FROM "posts"
  Rendered posts/index.html.erb within layouts/application (0.5ms)
Completed 200 OK in 13ms (Views: 12.2ms | ActiveRecord: 0.2ms)


Started GET "/posts/new" for ::1 at 2018-12-14 14:50:33 -0500
Processing by PostsController#new as HTML
  Rendered posts/new.html.erb within layouts/application (0.7ms)
Completed 200 OK in 16ms (Views: 15.6ms | ActiveRecord: 0.0ms)


Started GET "/posts/new" for ::1 at 2018-12-14 14:50:52 -0500
Processing by PostsController#new as HTML
  Rendered posts/new.html.erb within layouts/application (0.6ms)
Completed 200 OK in 16ms (Views: 15.4ms | ActiveRecord: 0.0ms)


Started GET "/posts/new" for ::1 at 2018-12-14 14:52:45 -0500
Processing by PostsController#new as HTML
  Rendered posts/new.html.erb within layouts/application (0.6ms)
Completed 200 OK in 20ms (Views: 19.4ms | ActiveRecord: 0.0ms)


Started POST "/posts" for ::1 at 2018-12-14 14:52:49 -0500
Processing by PostsController#create as HTML
  Parameters: {"post"=>{"title"=>"df", "description"=>"sdf"}, "authenticity_token"=>"5aQ24lsDYp/Th4UsMqGBFQwYLdOllzW8sSJXhYXXby+PXJWdx5FeE6X1ZmXANFKspAUgXHGfZP1NDIrdYd0nKA=="}
  [1m[36m (0.1ms)[0m  [1mbegin transaction[0m
  [1m[35mSQL (0.4ms)[0m  INSERT INTO "posts" ("title", "description", "created_at", "updated_at") VALUES (?, ?, ?, ?)  [["title", "df"], ["description", "sdf"], ["created_at", "2018-12-14 19:52:49.625315"], ["updated_at", "2018-12-14 19:52:49.625315"]]
  [1m[36m (0.8ms)[0m  [1mcommit transaction[0m
Redirected to http://localhost:3000/posts
Completed 302 Found in 4ms (ActiveRecord: 1.3ms)


Started GET "/posts" for ::1 at 2018-12-14 14:52:49 -0500
Processing by PostsController#index as HTML
  [1m[35mPost Load (0.1ms)[0m  SELECT "posts".* FROM "posts"
  Rendered posts/index.html.erb within layouts/application (0.6ms)
Completed 200 OK in 12ms (Views: 11.6ms | ActiveRecord: 0.1ms)


Started GET "/posts/new" for ::1 at 2018-12-14 14:57:48 -0500
Processing by PostsController#new as HTML
  Rendered posts/new.html.erb within layouts/application (0.8ms)
Completed 200 OK in 14ms (Views: 13.5ms | ActiveRecord: 0.0ms)


Started POST "/posts" for ::1 at 2018-12-14 14:57:57 -0500
Processing by PostsController#create as HTML
  Parameters: {"utf8"=>"✓", "authenticity_token"=>"J4fPMVFpYnAe8XmJQzvjXukYoIu0pRjp/n9IuARnAFFNf2xOzfte/GiDmsCxrjDnQQWtBGCtSagCUZXg4G1IVg==", "post"=>{"title"=>"Hello", "description"=>"hi there"}, "commit"=>"Submit Post"}
  [1m[36m (0.1ms)[0m  [1mbegin transaction[0m
  [1m[35mSQL (0.4ms)[0m  INSERT INTO "posts" ("title", "description", "created_at", "updated_at") VALUES (?, ?, ?, ?)  [["title", "Hello"], ["description", "hi there"], ["created_at", "2018-12-14 19:57:57.802033"], ["updated_at", "2018-12-14 19:57:57.802033"]]
  [1m[36m (1.0ms)[0m  [1mcommit transaction[0m
Redirected to http://localhost:3000/posts
Completed 302 Found in 4ms (ActiveRecord: 1.5ms)


Started GET "/posts" for ::1 at 2018-12-14 14:57:57 -0500
Processing by PostsController#index as HTML
  [1m[35mPost Load (0.1ms)[0m  SELECT "posts".* FROM "posts"
  Rendered posts/index.html.erb within layouts/application (0.5ms)
Completed 200 OK in 12ms (Views: 11.8ms | ActiveRecord: 0.1ms)
